<?xml version="1.0" encoding="UTF-8"?>
<testsuite xmlns:xsi="http://www.w3.org/2001/XMLSchema-instance" xsi:noNamespaceSchemaLocation="https://maven.apache.org/surefire/maven-surefire-plugin/xsd/surefire-test-report-3.0.xsd" version="3.0" name="com.example.ecosim.AppTest" time="0.037" tests="1" errors="0" skipped="0" failures="0">
  <properties>
    <property name="java.specification.version" value="24"/>
    <property name="sun.cpu.isalist" value="amd64"/>
    <property name="sun.jnu.encoding" value="MS932"/>
    <property name="java.class.path" value="C:\Users\kensh\OneDrive - 日本大学\Desktop\VScode\VScode Java\ecosim\target\test-classes;C:\Users\kensh\OneDrive - 日本大学\Desktop\VScode\VScode Java\ecosim\target\classes;C:\Users\kensh\.m2\repository\junit\junit\3.8.1\junit-3.8.1.jar;C:\Users\kensh\.m2\repository\org\openjfx\javafx-controls\20\javafx-controls-20.jar;C:\Users\kensh\.m2\repository\org\openjfx\javafx-controls\20\javafx-controls-20-win.jar;C:\Users\kensh\.m2\repository\org\openjfx\javafx-graphics\20\javafx-graphics-20.jar;C:\Users\kensh\.m2\repository\org\openjfx\javafx-graphics\20\javafx-graphics-20-win.jar;C:\Users\kensh\.m2\repository\org\openjfx\javafx-base\20\javafx-base-20.jar;C:\Users\kensh\.m2\repository\org\openjfx\javafx-base\20\javafx-base-20-win.jar;C:\Users\kensh\.m2\repository\org\openjfx\javafx-fxml\20\javafx-fxml-20.jar;C:\Users\kensh\.m2\repository\org\openjfx\javafx-fxml\20\javafx-fxml-20-win.jar;"/>
    <property name="java.vm.vendor" value="Oracle Corporation"/>
    <property name="sun.arch.data.model" value="64"/>
    <property name="user.variant" value=""/>
    <property name="java.vendor.url" value="https://java.oracle.com/"/>
    <property name="user.timezone" value="Asia/Tokyo"/>
    <property name="os.name" value="Windows 11"/>
    <property name="java.vm.specification.version" value="24"/>
    <property name="sun.java.launcher" value="SUN_STANDARD"/>
    <property name="user.country" value="JP"/>
    <property name="sun.boot.library.path" value="C:\Program Files\Java\jdk-24\bin"/>
    <property name="sun.java.command" value="C:\Users\kensh\AppData\Local\Temp\surefire7521050527677812840\surefirebooter-20250801043933107_3.jar C:\Users\kensh\AppData\Local\Temp\surefire7521050527677812840 2025-08-01T04-39-32_836-jvmRun1 surefire-20250801043933107_1tmp surefire_0-20250801043933107_2tmp"/>
    <property name="jdk.debug" value="release"/>
    <property name="surefire.test.class.path" value="C:\Users\kensh\OneDrive - 日本大学\Desktop\VScode\VScode Java\ecosim\target\test-classes;C:\Users\kensh\OneDrive - 日本大学\Desktop\VScode\VScode Java\ecosim\target\classes;C:\Users\kensh\.m2\repository\junit\junit\3.8.1\junit-3.8.1.jar;C:\Users\kensh\.m2\repository\org\openjfx\javafx-controls\20\javafx-controls-20.jar;C:\Users\kensh\.m2\repository\org\openjfx\javafx-controls\20\javafx-controls-20-win.jar;C:\Users\kensh\.m2\repository\org\openjfx\javafx-graphics\20\javafx-graphics-20.jar;C:\Users\kensh\.m2\repository\org\openjfx\javafx-graphics\20\javafx-graphics-20-win.jar;C:\Users\kensh\.m2\repository\org\openjfx\javafx-base\20\javafx-base-20.jar;C:\Users\kensh\.m2\repository\org\openjfx\javafx-base\20\javafx-base-20-win.jar;C:\Users\kensh\.m2\repository\org\openjfx\javafx-fxml\20\javafx-fxml-20.jar;C:\Users\kensh\.m2\repository\org\openjfx\javafx-fxml\20\javafx-fxml-20-win.jar;"/>
    <property name="sun.cpu.endian" value="little"/>
    <property name="user.home" value="C:\Users\kensh"/>
    <property name="user.language" value="ja"/>
    <property name="java.specification.vendor" value="Oracle Corporation"/>
    <property name="java.version.date" value="2025-04-15"/>
    <property name="java.home" value="C:\Program Files\Java\jdk-24"/>
    <property name="file.separator" value="\"/>
    <property name="basedir" value="C:\Users\kensh\OneDrive - 日本大学\Desktop\VScode\VScode Java\ecosim"/>
    <property name="java.vm.compressedOopsMode" value="Zero based"/>
    <property name="line.separator" value="&#10;"/>
    <property name="java.vm.specification.vendor" value="Oracle Corporation"/>
    <property name="java.specification.name" value="Java Platform API Specification"/>
    <property name="surefire.real.class.path" value="C:\Users\kensh\AppData\Local\Temp\surefire7521050527677812840\surefirebooter-20250801043933107_3.jar"/>
    <property name="user.script" value=""/>
    <property name="sun.management.compiler" value="HotSpot 64-Bit Tiered Compilers"/>
    <property name="java.runtime.version" value="24.0.1+9-30"/>
    <property name="user.name" value="kensh"/>
    <property name="stdout.encoding" value="MS932"/>
    <property name="path.separator" value=";"/>
    <property name="os.version" value="10.0"/>
    <property name="java.runtime.name" value="Java(TM) SE Runtime Environment"/>
    <property name="file.encoding" value="UTF-8"/>
    <property name="java.vm.name" value="Java HotSpot(TM) 64-Bit Server VM"/>
    <property name="localRepository" value="C:\Users\kensh\.m2\repository"/>
    <property name="java.vendor.url.bug" value="https://bugreport.java.com/bugreport/"/>
    <property name="java.io.tmpdir" value="C:\Users\kensh\AppData\Local\Temp\"/>
    <property name="java.version" value="24.0.1"/>
    <property name="user.dir" value="C:\Users\kensh\OneDrive - 日本大学\Desktop\VScode\VScode Java\ecosim"/>
    <property name="os.arch" value="amd64"/>
    <property name="java.vm.specification.name" value="Java Virtual Machine Specification"/>
    <property name="sun.os.patch.level" value=""/>
    <property name="native.encoding" value="MS932"/>
    <property name="java.library.path" value="C:\Program Files\Java\jdk-24\bin;C:\WINDOWS\Sun\Java\bin;C:\WINDOWS\system32;C:\WINDOWS;C:\Users\kensh\bin;C:\Program Files\Git\mingw64\bin;C:\Program Files\Git\usr\local\bin;C:\Program Files\Git\usr\bin;C:\Program Files\Git\usr\bin;C:\Program Files\Git\mingw64\bin;C:\Program Files\Git\usr\bin;C:\Users\kensh\bin;C:\Program Files\Java\jdk-24\bin;C:\WINDOWS\system32;C:\WINDOWS;C:\WINDOWS\System32\Wbem;C:\WINDOWS\System32\WindowsPowerShell\v1.0;C:\WINDOWS\System32\OpenSSH;C:\Program Files\dotnet;C:\Program Files\Docker\Docker\resources\bin;C:\ProgramData\chocolatey\bin;C:\Program Files\nodejs;C:\Program Files\Git\cmd;C:\ProgramData\chocolatey\lib\maven\apache-maven-3.9.10\bin;C:\Program Files\PowerShell\7;C:\Users\kensh\AppData\Local\Programs\Python\Python313\Scripts;C:\Users\kensh\AppData\Local\Programs\Python\Python313;C:\Users\kensh\AppData\Local\Programs\Python\Launcher;C:\Users\kensh\AppData\Local\Programs\Python\Python312\Scripts;C:\Users\kensh\AppData\Local\Microsoft\WindowsApps;C:\Users\kensh\AppData\Local\Programs\oh-my-posh\bin;C:\Users\kensh\AppData\Roaming\npm;C:\Users\kensh\AppData\Local\Programs\Microsoft VS Code\bin;C:\Program Files\Git\usr\bin\vendor_perl;C:\Program Files\Git\usr\bin\core_perl;."/>
    <property name="java.vm.info" value="mixed mode, sharing"/>
    <property name="stderr.encoding" value="MS932"/>
    <property name="java.vendor" value="Oracle Corporation"/>
    <property name="java.vm.version" value="24.0.1+9-30"/>
    <property name="sun.io.unicode.encoding" value="UnicodeLittle"/>
    <property name="java.class.version" value="68.0"/>
  </properties>
  <testcase name="testApp" classname="com.example.ecosim.AppTest" time="0.006"/>
</testsuite>